TN:
SF:src\app\app.component.ts
FN:564,(anonymous_0)
FN:572,(anonymous_1)
FN:581,(anonymous_2)
FN:584,(anonymous_3)
FN:590,(anonymous_4)
FN:592,(anonymous_5)
FN:595,(anonymous_6)
FN:599,(anonymous_7)
FN:601,(anonymous_8)
FN:604,(anonymous_9)
FN:606,(anonymous_10)
FN:609,(anonymous_11)
FN:613,(anonymous_12)
FN:617,(anonymous_13)
FN:621,(anonymous_14)
FN:630,(anonymous_15)
FN:634,(anonymous_16)
FN:638,(anonymous_17)
FN:642,(anonymous_18)
FN:648,(anonymous_19)
FNF:20
FNH:14
FNDA:5,(anonymous_0)
FNDA:2,(anonymous_1)
FNDA:1,(anonymous_2)
FNDA:1,(anonymous_3)
FNDA:6,(anonymous_4)
FNDA:20,(anonymous_5)
FNDA:0,(anonymous_6)
FNDA:7,(anonymous_7)
FNDA:24,(anonymous_8)
FNDA:11,(anonymous_9)
FNDA:5,(anonymous_10)
FNDA:4,(anonymous_11)
FNDA:88,(anonymous_12)
FNDA:14,(anonymous_13)
FNDA:2,(anonymous_14)
FNDA:0,(anonymous_15)
FNDA:0,(anonymous_16)
FNDA:0,(anonymous_17)
FNDA:0,(anonymous_18)
FNDA:0,(anonymous_19)
DA:564,1
DA:565,5
DA:566,5
DA:567,5
DA:568,5
DA:570,5
DA:573,2
DA:574,0
DA:577,2
DA:582,1
DA:591,6
DA:592,20
DA:596,0
DA:600,7
DA:601,24
DA:605,11
DA:606,11
DA:610,4
DA:614,88
DA:618,14
DA:622,2
DA:623,0
DA:626,2
DA:627,2
DA:631,0
DA:635,0
DA:639,0
DA:643,0
DA:649,0
LF:29
LH:21
BRDA:573,0,0,0
BRDA:592,1,0,6
BRDA:592,1,1,5
BRDA:601,2,0,7
BRDA:601,2,1,6
BRDA:606,3,0,11
BRDA:606,3,1,2
BRDA:618,4,0,13
BRDA:618,4,1,1
BRDA:622,5,0,0
BRDA:626,6,0,2
BRDA:626,6,1,0
BRDA:631,7,0,0
BRDA:631,7,1,0
BRDA:631,7,2,0
BRDA:635,8,0,0
BRDA:635,8,1,0
BRF:17
BRH:9
end_of_record
TN:
SF:src\app\app.routes.ts
FN:18,(anonymous_0)
FN:19,(anonymous_1)
FN:24,(anonymous_2)
FN:25,(anonymous_3)
FN:29,(anonymous_4)
FN:30,(anonymous_5)
FN:34,(anonymous_6)
FN:35,(anonymous_7)
FN:40,(anonymous_8)
FN:41,(anonymous_9)
FN:46,(anonymous_10)
FN:47,(anonymous_11)
FN:51,(anonymous_12)
FN:52,(anonymous_13)
FN:57,(anonymous_14)
FN:58,(anonymous_15)
FN:63,(anonymous_16)
FN:64,(anonymous_17)
FNF:18
FNH:0
FNDA:0,(anonymous_0)
FNDA:0,(anonymous_1)
FNDA:0,(anonymous_2)
FNDA:0,(anonymous_3)
FNDA:0,(anonymous_4)
FNDA:0,(anonymous_5)
FNDA:0,(anonymous_6)
FNDA:0,(anonymous_7)
FNDA:0,(anonymous_8)
FNDA:0,(anonymous_9)
FNDA:0,(anonymous_10)
FNDA:0,(anonymous_11)
FNDA:0,(anonymous_12)
FNDA:0,(anonymous_13)
FNDA:0,(anonymous_14)
FNDA:0,(anonymous_15)
FNDA:0,(anonymous_16)
FNDA:0,(anonymous_17)
DA:10,1
DA:19,0
DA:25,0
DA:30,0
DA:35,0
DA:41,0
DA:47,0
DA:52,0
DA:58,0
DA:64,0
LF:10
LH:1
BRF:0
BRH:0
end_of_record
TN:
SF:src\app\core\guards\admin.guard.ts
FN:5,(anonymous_0)
FNF:1
FNH:1
FNDA:3,(anonymous_0)
DA:5,1
DA:6,3
DA:7,3
DA:9,3
DA:10,1
DA:13,2
DA:14,1
DA:17,1
LF:8
LH:8
BRDA:9,0,0,1
BRDA:13,1,0,1
BRF:2
BRH:2
end_of_record
TN:
SF:src\app\core\guards\auth.guard.ts
FN:5,(anonymous_0)
FNF:1
FNH:1
FNDA:2,(anonymous_0)
DA:5,1
DA:6,2
DA:7,2
DA:9,2
DA:10,1
DA:13,1
LF:6
LH:6
BRDA:9,0,0,1
BRF:1
BRH:1
end_of_record
TN:
SF:src\app\core\guards\user.guard.ts
FN:5,(anonymous_0)
FNF:1
FNH:1
FNDA:3,(anonymous_0)
DA:5,1
DA:6,3
DA:7,3
DA:9,3
DA:10,1
DA:13,2
DA:14,1
DA:17,1
LF:8
LH:8
BRDA:9,0,0,1
BRDA:13,1,0,1
BRF:2
BRH:2
end_of_record
TN:
SF:src\app\core\interceptors\auth.interceptor.ts
FN:28,(anonymous_0)
FN:31,(anonymous_1)
FN:33,(anonymous_2)
FN:44,(anonymous_3)
FN:48,withAuthorization
FNF:5
FNH:5
FNDA:4,(anonymous_0)
FNDA:15,(anonymous_1)
FNDA:22,(anonymous_2)
FNDA:2,(anonymous_3)
FNDA:2,withAuthorization
DA:6,1
DA:19,1
DA:28,1
DA:29,4
DA:30,4
DA:31,15
DA:32,4
DA:33,22
DA:35,4
DA:36,0
DA:39,4
DA:40,2
DA:43,2
DA:44,2
DA:49,2
LF:15
LH:14
BRDA:35,0,0,0
BRDA:36,1,0,0
BRDA:36,1,1,0
BRDA:39,2,0,2
BRDA:39,3,0,4
BRDA:39,3,1,4
BRDA:39,3,2,3
BRDA:44,4,0,2
BRDA:44,4,1,0
BRF:9
BRH:5
end_of_record
TN:
SF:src\app\core\services\auth.service.ts
FN:19,(anonymous_0)
FN:32,(anonymous_1)
FN:34,(anonymous_2)
FN:36,(anonymous_3)
FN:37,(anonymous_4)
FN:41,(anonymous_5)
FN:43,(anonymous_6)
FN:44,(anonymous_7)
FN:48,(anonymous_8)
FN:50,(anonymous_9)
FN:51,(anonymous_10)
FN:55,(anonymous_11)
FN:60,(anonymous_12)
FN:63,(anonymous_13)
FN:77,(anonymous_14)
FN:81,(anonymous_15)
FN:85,(anonymous_16)
FN:96,(anonymous_17)
FN:100,(anonymous_18)
FN:121,(anonymous_19)
FN:129,(anonymous_20)
FN:131,(anonymous_21)
FN:132,(anonymous_22)
FN:133,(anonymous_23)
FN:137,(anonymous_24)
FN:139,(anonymous_25)
FN:144,(anonymous_26)
FN:149,(anonymous_27)
FN:152,(anonymous_28)
FN:155,(anonymous_29)
FN:157,(anonymous_30)
FN:164,(anonymous_31)
FN:165,(anonymous_32)
FN:169,(anonymous_33)
FN:172,(anonymous_34)
FN:175,(anonymous_35)
FN:180,(anonymous_36)
FN:187,(anonymous_37)
FN:188,(anonymous_38)
FN:192,(anonymous_39)
FN:196,(anonymous_40)
FN:200,(anonymous_41)
FN:204,(anonymous_42)
FN:219,(anonymous_43)
FN:246,(anonymous_44)
FN:247,(anonymous_45)
FN:248,(anonymous_46)
FN:249,(anonymous_47)
FN:258,(anonymous_48)
FN:273,(anonymous_49)
FN:277,(anonymous_50)
FN:281,(anonymous_51)
FN:285,(anonymous_52)
FN:294,(anonymous_53)
FN:299,(anonymous_54)
FN:331,(anonymous_55)
FN:346,(anonymous_56)
FN:350,(anonymous_57)
FN:361,(anonymous_58)
FN:383,(anonymous_59)
FN:391,(anonymous_60)
FN:396,(anonymous_61)
FN:409,(anonymous_62)
FN:432,(anonymous_63)
FN:435,(anonymous_64)
FN:441,(anonymous_65)
FN:443,(anonymous_66)
FN:448,(anonymous_67)
FN:451,(anonymous_68)
FNF:69
FNH:24
FNDA:11,(anonymous_0)
FNDA:0,(anonymous_1)
FNDA:0,(anonymous_2)
FNDA:0,(anonymous_3)
FNDA:0,(anonymous_4)
FNDA:2,(anonymous_5)
FNDA:1,(anonymous_6)
FNDA:1,(anonymous_7)
FNDA:0,(anonymous_8)
FNDA:0,(anonymous_9)
FNDA:0,(anonymous_10)
FNDA:0,(anonymous_11)
FNDA:0,(anonymous_12)
FNDA:2,(anonymous_13)
FNDA:0,(anonymous_14)
FNDA:0,(anonymous_15)
FNDA:3,(anonymous_16)
FNDA:3,(anonymous_17)
FNDA:1,(anonymous_18)
FNDA:0,(anonymous_19)
FNDA:0,(anonymous_20)
FNDA:0,(anonymous_21)
FNDA:0,(anonymous_22)
FNDA:0,(anonymous_23)
FNDA:0,(anonymous_24)
FNDA:0,(anonymous_25)
FNDA:0,(anonymous_26)
FNDA:0,(anonymous_27)
FNDA:0,(anonymous_28)
FNDA:0,(anonymous_29)
FNDA:0,(anonymous_30)
FNDA:0,(anonymous_31)
FNDA:0,(anonymous_32)
FNDA:0,(anonymous_33)
FNDA:0,(anonymous_34)
FNDA:0,(anonymous_35)
FNDA:0,(anonymous_36)
FNDA:0,(anonymous_37)
FNDA:0,(anonymous_38)
FNDA:2,(anonymous_39)
FNDA:2,(anonymous_40)
FNDA:2,(anonymous_41)
FNDA:10,(anonymous_42)
FNDA:3,(anonymous_43)
FNDA:2,(anonymous_44)
FNDA:2,(anonymous_45)
FNDA:0,(anonymous_46)
FNDA:2,(anonymous_47)
FNDA:17,(anonymous_48)
FNDA:0,(anonymous_49)
FNDA:0,(anonymous_50)
FNDA:0,(anonymous_51)
FNDA:3,(anonymous_52)
FNDA:7,(anonymous_53)
FNDA:0,(anonymous_54)
FNDA:0,(anonymous_55)
FNDA:0,(anonymous_56)
FNDA:0,(anonymous_57)
FNDA:12,(anonymous_58)
FNDA:3,(anonymous_59)
FNDA:0,(anonymous_60)
FNDA:1,(anonymous_61)
FNDA:0,(anonymous_62)
FNDA:1,(anonymous_63)
FNDA:1,(anonymous_64)
FNDA:0,(anonymous_65)
FNDA:0,(anonymous_66)
FNDA:0,(anonymous_67)
FNDA:0,(anonymous_68)
DA:19,1
DA:20,11
DA:21,11
DA:22,11
DA:23,11
DA:24,11
DA:25,11
DA:26,11
DA:27,11
DA:28,11
DA:29,11
DA:31,11
DA:32,11
DA:35,0
DA:36,0
DA:37,0
DA:42,2
DA:43,1
DA:44,1
DA:49,0
DA:50,0
DA:51,0
DA:56,0
DA:60,0
DA:64,2
DA:65,2
DA:66,2
DA:67,2
DA:68,2
DA:69,2
DA:70,2
DA:71,2
DA:72,2
DA:73,2
DA:74,2
DA:78,0
DA:82,0
DA:86,3
DA:87,3
DA:89,3
DA:90,3
DA:92,0
DA:97,3
DA:101,1
DA:102,1
DA:103,1
DA:118,1
DA:122,0
DA:123,0
DA:124,0
DA:125,0
DA:126,0
DA:130,0
DA:131,0
DA:132,0
DA:133,0
DA:138,0
DA:140,0
DA:141,0
DA:142,0
DA:144,0
DA:150,0
DA:152,0
DA:156,0
DA:158,0
DA:159,0
DA:161,0
DA:164,0
DA:165,0
DA:170,0
DA:172,0
DA:176,0
DA:177,0
DA:179,0
DA:181,0
DA:182,0
DA:184,0
DA:187,0
DA:188,0
DA:193,2
DA:197,2
DA:201,2
DA:205,10
DA:206,10
DA:207,1
DA:210,9
DA:211,9
DA:212,1
DA:213,1
DA:216,8
DA:220,3
DA:221,3
DA:222,0
DA:225,3
DA:226,3
DA:227,0
DA:230,3
DA:232,3
DA:233,0
DA:234,0
DA:237,3
DA:238,1
DA:241,2
DA:246,2
DA:247,2
DA:248,0
DA:250,2
DA:255,2
DA:259,17
DA:261,17
DA:262,11
DA:265,6
DA:266,6
DA:268,0
DA:269,0
DA:274,0
DA:278,0
DA:282,0
DA:286,3
DA:287,0
DA:290,3
DA:291,3
DA:295,7
DA:296,7
DA:300,0
DA:301,0
DA:302,0
DA:303,0
DA:304,0
DA:305,0
DA:306,0
DA:307,0
DA:308,0
DA:309,0
DA:315,0
DA:332,0
DA:333,0
DA:334,0
DA:337,0
DA:338,0
DA:339,0
DA:340,0
DA:342,0
DA:347,0
DA:351,0
DA:352,0
DA:354,0
DA:355,0
DA:356,0
DA:358,0
DA:362,12
DA:363,12
DA:364,12
DA:365,12
DA:366,12
DA:368,0
DA:371,0
DA:372,0
DA:373,0
DA:376,0
DA:377,0
DA:378,0
DA:380,0
DA:384,3
DA:385,3
DA:388,0
DA:392,0
DA:393,0
DA:400,1
DA:401,1
DA:402,1
DA:404,1
DA:405,0
DA:406,0
DA:407,0
DA:408,0
DA:409,0
DA:412,1
DA:413,0
DA:414,1
DA:415,1
DA:417,1
DA:418,0
DA:419,1
DA:420,1
DA:421,0
DA:422,0
DA:423,0
DA:424,0
DA:426,0
DA:427,0
DA:430,1
DA:431,1
DA:432,1
DA:436,1
DA:437,1
DA:440,0
DA:442,0
DA:443,0
DA:449,0
DA:451,0
LF:201
LH:92
BRDA:89,0,0,3
BRDA:89,0,1,0
BRDA:104,1,0,1
BRDA:104,1,1,0
BRDA:104,1,2,0
BRDA:105,2,0,1
BRDA:105,2,1,0
BRDA:105,2,2,0
BRDA:106,3,0,1
BRDA:106,3,1,1
BRDA:106,3,2,0
BRDA:107,4,0,1
BRDA:107,4,1,0
BRDA:107,4,2,0
BRDA:107,4,3,0
BRDA:108,5,0,1
BRDA:108,5,1,1
BRDA:108,5,2,0
BRDA:109,6,0,1
BRDA:109,6,1,0
BRDA:109,6,2,0
BRDA:110,7,0,1
BRDA:110,7,1,1
BRDA:110,7,2,0
BRDA:111,8,0,1
BRDA:111,8,1,1
BRDA:111,8,2,0
BRDA:112,9,0,1
BRDA:112,9,1,1
BRDA:112,9,2,1
BRDA:113,10,0,1
BRDA:113,10,1,1
BRDA:113,10,2,0
BRDA:114,11,0,1
BRDA:114,11,1,1
BRDA:114,11,2,0
BRDA:115,12,0,1
BRDA:115,12,1,1
BRDA:115,12,2,0
BRDA:131,13,0,0
BRDA:131,13,1,0
BRDA:141,14,0,0
BRDA:141,15,0,0
BRDA:141,15,1,0
BRDA:141,16,0,0
BRDA:141,16,1,0
BRDA:158,17,0,0
BRDA:158,17,1,0
BRDA:164,18,0,0
BRDA:164,18,1,0
BRDA:181,19,0,0
BRDA:181,19,1,0
BRDA:187,20,0,0
BRDA:187,20,1,0
BRDA:201,21,0,1
BRDA:201,21,1,1
BRDA:206,22,0,1
BRDA:211,23,0,1
BRDA:211,24,0,9
BRDA:211,24,1,9
BRDA:221,25,0,0
BRDA:226,26,0,0
BRDA:232,27,0,0
BRDA:237,28,0,1
BRDA:261,29,0,11
BRDA:282,30,0,0
BRDA:282,30,1,0
BRDA:286,31,0,0
BRDA:286,32,0,3
BRDA:286,32,1,3
BRDA:299,33,0,0
BRDA:302,34,0,0
BRDA:302,34,1,0
BRDA:302,34,2,0
BRDA:304,35,0,0
BRDA:304,35,1,0
BRDA:310,36,0,0
BRDA:310,36,1,0
BRDA:310,36,2,0
BRDA:310,36,3,0
BRDA:310,36,4,0
BRDA:310,36,5,0
BRDA:319,37,0,0
BRDA:319,37,1,0
BRDA:319,38,0,0
BRDA:319,38,1,0
BRDA:320,39,0,0
BRDA:320,39,1,0
BRDA:320,40,0,0
BRDA:320,40,1,0
BRDA:321,41,0,0
BRDA:321,41,1,0
BRDA:321,42,0,0
BRDA:321,42,1,0
BRDA:322,43,0,0
BRDA:322,43,1,0
BRDA:323,44,0,0
BRDA:323,44,1,0
BRDA:323,45,0,0
BRDA:323,45,1,0
BRDA:324,46,0,0
BRDA:324,46,1,0
BRDA:324,47,0,0
BRDA:324,47,1,0
BRDA:325,48,0,0
BRDA:325,48,1,0
BRDA:325,49,0,0
BRDA:325,49,1,0
BRDA:326,50,0,0
BRDA:326,50,1,0
BRDA:326,51,0,0
BRDA:326,51,1,0
BRDA:327,52,0,0
BRDA:327,52,1,0
BRDA:327,53,0,0
BRDA:327,53,1,0
BRDA:333,54,0,0
BRDA:347,55,0,0
BRDA:347,55,1,0
BRDA:351,56,0,0
BRDA:354,57,0,0
BRDA:356,58,0,0
BRDA:356,58,1,0
BRDA:363,59,0,12
BRDA:365,60,0,12
BRDA:365,61,0,12
BRDA:365,61,1,12
BRDA:372,62,0,0
BRDA:377,63,0,0
BRDA:384,64,0,3
BRDA:384,65,0,3
BRDA:384,65,1,3
BRDA:384,65,2,3
BRDA:393,66,0,0
BRDA:393,66,1,0
BRDA:398,67,0,0
BRDA:402,68,0,1
BRDA:402,68,1,0
BRDA:404,69,0,0
BRDA:404,70,0,1
BRDA:404,70,1,1
BRDA:412,71,0,0
BRDA:412,71,1,1
BRDA:412,72,0,1
BRDA:412,72,1,0
BRDA:414,73,0,1
BRDA:414,73,1,0
BRDA:414,74,0,1
BRDA:414,74,1,1
BRDA:415,75,0,1
BRDA:415,75,1,1
BRDA:417,76,0,0
BRDA:417,76,1,1
BRDA:419,77,0,1
BRDA:419,77,1,0
BRDA:421,78,0,0
BRDA:421,78,1,0
BRDA:423,79,0,0
BRDA:426,80,0,0
BRDA:436,81,0,1
BRDA:442,82,0,0
BRDA:442,82,1,0
BRF:162
BRH:53
end_of_record
TN:
SF:src\app\core\services\navigation-history.service.ts
FN:12,(anonymous_0)
FN:14,(anonymous_1)
FN:15,(anonymous_2)
FN:29,(anonymous_3)
FN:33,(anonymous_4)
FN:37,(anonymous_5)
FNF:6
FNH:0
FNDA:0,(anonymous_0)
FNDA:0,(anonymous_1)
FNDA:0,(anonymous_2)
FNDA:0,(anonymous_3)
FNDA:0,(anonymous_4)
FNDA:0,(anonymous_5)
DA:6,1
DA:7,0
DA:9,0
DA:10,0
DA:13,0
DA:14,0
DA:16,0
DA:18,0
DA:19,0
DA:20,0
DA:23,0
DA:24,0
DA:30,0
DA:34,0
DA:38,0
DA:39,0
DA:40,0
DA:41,0
DA:42,0
DA:45,0
LF:20
LH:1
BRDA:18,0,0,0
BRDA:23,1,0,0
BRDA:30,2,0,0
BRDA:30,2,1,0
BRDA:30,3,0,0
BRDA:30,3,1,0
BRDA:34,4,0,0
BRDA:34,4,1,0
BRDA:38,5,0,0
BRDA:40,6,0,0
BRDA:40,6,1,0
BRF:11
BRH:0
end_of_record
TN:
SF:src\app\features\auth\callback\auth-callback.component.ts
FN:12,(anonymous_0)
FN:17,(anonymous_1)
FNF:2
FNH:0
FNDA:0,(anonymous_0)
FNDA:0,(anonymous_1)
DA:12,1
DA:13,0
DA:14,0
DA:15,0
DA:18,0
DA:19,0
DA:21,0
DA:22,0
DA:25,0
DA:28,0
DA:29,0
DA:32,0
DA:35,0
DA:36,0
DA:38,0
LF:15
LH:1
BRDA:21,0,0,0
BRDA:28,1,0,0
BRF:2
BRH:0
end_of_record
TN:
SF:src\app\features\auth\choose-username\choose-username.component.ts
FN:15,(anonymous_0)
FN:44,(anonymous_1)
FN:60,(anonymous_2)
FN:61,(anonymous_3)
FN:66,(anonymous_4)
FN:70,(anonymous_5)
FN:73,(anonymous_6)
FN:80,(anonymous_7)
FN:84,(anonymous_8)
FN:88,(anonymous_9)
FN:108,(anonymous_10)
FN:124,(anonymous_11)
FN:125,(anonymous_12)
FN:128,(anonymous_13)
FN:131,(anonymous_14)
FNF:15
FNH:0
FNDA:0,(anonymous_0)
FNDA:0,(anonymous_1)
FNDA:0,(anonymous_2)
FNDA:0,(anonymous_3)
FNDA:0,(anonymous_4)
FNDA:0,(anonymous_5)
FNDA:0,(anonymous_6)
FNDA:0,(anonymous_7)
FNDA:0,(anonymous_8)
FNDA:0,(anonymous_9)
FNDA:0,(anonymous_10)
FNDA:0,(anonymous_11)
FNDA:0,(anonymous_12)
FNDA:0,(anonymous_13)
FNDA:0,(anonymous_14)
DA:15,1
DA:16,0
DA:17,0
DA:18,0
DA:19,0
DA:21,0
DA:22,0
DA:23,0
DA:24,0
DA:25,0
DA:26,0
DA:27,0
DA:28,0
DA:29,0
DA:31,0
DA:45,0
DA:46,0
DA:47,0
DA:49,0
DA:50,0
DA:53,0
DA:56,0
DA:60,0
DA:62,0
DA:63,0
DA:64,0
DA:66,0
DA:71,0
DA:74,0
DA:75,0
DA:81,0
DA:85,0
DA:89,0
DA:90,0
DA:91,0
DA:93,0
DA:94,0
DA:95,0
DA:98,0
DA:99,0
DA:100,0
DA:101,0
DA:102,0
DA:105,0
DA:109,0
DA:111,0
DA:112,0
DA:113,0
DA:116,0
DA:117,0
DA:124,0
DA:125,0
DA:129,0
DA:132,0
LF:54
LH:1
BRDA:45,0,0,0
BRDA:45,0,1,0
BRDA:46,1,0,0
BRDA:46,1,1,0
BRDA:47,2,0,0
BRDA:47,2,1,0
BRDA:49,3,0,0
BRDA:91,4,0,0
BRDA:91,4,1,0
BRDA:93,5,0,0
BRDA:98,6,0,0
BRDA:111,7,0,0
BRDA:111,8,0,0
BRDA:111,8,1,0
BRDA:121,9,0,0
BRDA:121,9,1,0
BRDA:124,10,0,0
BRDA:124,10,1,0
BRF:18
BRH:0
end_of_record
TN:
SF:src\app\features\auth\login\login.component.ts
FN:17,(anonymous_0)
FN:34,(anonymous_1)
FN:53,(anonymous_2)
FN:57,(anonymous_3)
FN:61,(anonymous_4)
FN:65,(anonymous_5)
FN:69,(anonymous_6)
FN:83,(anonymous_7)
FN:85,(anonymous_8)
FN:95,(anonymous_9)
FNF:10
FNH:0
FNDA:0,(anonymous_0)
FNDA:0,(anonymous_1)
FNDA:0,(anonymous_2)
FNDA:0,(anonymous_3)
FNDA:0,(anonymous_4)
FNDA:0,(anonymous_5)
FNDA:0,(anonymous_6)
FNDA:0,(anonymous_7)
FNDA:0,(anonymous_8)
FNDA:0,(anonymous_9)
DA:8,1
DA:17,1
DA:18,0
DA:19,0
DA:20,0
DA:21,0
DA:23,0
DA:24,0
DA:25,0
DA:26,0
DA:28,0
DA:35,0
DA:36,0
DA:37,0
DA:38,0
DA:39,0
DA:44,0
DA:47,0
DA:48,0
DA:49,0
DA:54,0
DA:58,0
DA:62,0
DA:66,0
DA:70,0
DA:71,0
DA:73,0
DA:74,0
DA:75,0
DA:78,0
DA:79,0
DA:81,0
DA:83,0
DA:86,0
DA:87,0
DA:89,0
DA:92,0
DA:93,0
DA:96,0
LF:39
LH:2
BRDA:36,0,0,0
BRDA:47,1,0,0
BRDA:73,2,0,0
BRDA:86,3,0,0
BRDA:86,3,1,0
BRF:5
BRH:0
end_of_record
TN:
SF:src\app\features\auth\register\register.component.ts
FN:21,(anonymous_0)
FN:46,(anonymous_1)
FN:56,(anonymous_2)
FN:67,(anonymous_3)
FN:71,(anonymous_4)
FN:74,(anonymous_5)
FN:81,(anonymous_6)
FN:85,(anonymous_7)
FN:89,(anonymous_8)
FN:93,(anonymous_9)
FN:97,(anonymous_10)
FN:101,(anonymous_11)
FN:105,(anonymous_12)
FN:109,(anonymous_13)
FN:113,(anonymous_14)
FN:117,(anonymous_15)
FN:132,(anonymous_16)
FN:139,(anonymous_17)
FN:142,(anonymous_18)
FN:152,(anonymous_19)
FN:158,(anonymous_20)
FNF:21
FNH:0
FNDA:0,(anonymous_0)
FNDA:0,(anonymous_1)
FNDA:0,(anonymous_2)
FNDA:0,(anonymous_3)
FNDA:0,(anonymous_4)
FNDA:0,(anonymous_5)
FNDA:0,(anonymous_6)
FNDA:0,(anonymous_7)
FNDA:0,(anonymous_8)
FNDA:0,(anonymous_9)
FNDA:0,(anonymous_10)
FNDA:0,(anonymous_11)
FNDA:0,(anonymous_12)
FNDA:0,(anonymous_13)
FNDA:0,(anonymous_14)
FNDA:0,(anonymous_15)
FNDA:0,(anonymous_16)
FNDA:0,(anonymous_17)
FNDA:0,(anonymous_18)
FNDA:0,(anonymous_19)
FNDA:0,(anonymous_20)
DA:21,1
DA:22,0
DA:23,0
DA:24,0
DA:26,0
DA:27,0
DA:28,0
DA:29,0
DA:30,0
DA:31,0
DA:32,0
DA:34,0
DA:47,0
DA:48,0
DA:49,0
DA:52,0
DA:57,0
DA:59,0
DA:60,0
DA:61,0
DA:64,0
DA:65,0
DA:67,0
DA:72,0
DA:75,0
DA:76,0
DA:82,0
DA:86,0
DA:90,0
DA:94,0
DA:98,0
DA:102,0
DA:106,0
DA:110,0
DA:114,0
DA:118,0
DA:119,0
DA:121,0
DA:122,0
DA:123,0
DA:126,0
DA:127,0
DA:129,0
DA:133,0
DA:134,0
DA:137,0
DA:139,0
DA:143,0
DA:144,0
DA:146,0
DA:149,0
DA:150,0
DA:153,0
DA:159,0
DA:160,0
DA:162,0
DA:163,0
DA:166,0
LF:58
LH:1
BRDA:47,0,0,0
BRDA:59,1,0,0
BRDA:72,2,0,0
BRDA:72,2,1,0
BRDA:102,3,0,0
BRDA:102,3,1,0
BRDA:121,4,0,0
BRDA:121,5,0,0
BRDA:121,5,1,0
BRDA:133,6,0,0
BRDA:143,7,0,0
BRDA:143,7,1,0
BRDA:162,8,0,0
BRDA:162,9,0,0
BRDA:162,9,1,0
BRDA:166,10,0,0
BRDA:166,10,1,0
BRF:17
BRH:0
end_of_record
TN:
SF:src\app\features\dashboard\dashboard.component.ts
FN:14,(anonymous_0)
FN:22,(anonymous_1)
FN:30,(anonymous_2)
FN:34,(anonymous_3)
FN:44,(anonymous_4)
FN:51,(anonymous_5)
FN:53,(anonymous_6)
FN:57,(anonymous_7)
FNF:8
FNH:8
FNDA:3,(anonymous_0)
FNDA:1,(anonymous_1)
FNDA:1,(anonymous_2)
FNDA:1,(anonymous_3)
FNDA:2,(anonymous_4)
FNDA:2,(anonymous_5)
FNDA:1,(anonymous_6)
FNDA:1,(anonymous_7)
DA:14,1
DA:15,3
DA:17,3
DA:18,3
DA:19,3
DA:20,3
DA:23,1
DA:25,1
DA:26,1
DA:31,1
DA:35,1
DA:37,1
DA:38,0
DA:41,1
DA:45,2
DA:46,2
DA:47,2
DA:49,2
DA:51,2
DA:54,1
DA:55,1
DA:58,1
LF:22
LH:21
BRDA:25,0,0,1
BRDA:25,1,0,1
BRDA:25,1,1,1
BRDA:31,2,0,1
BRDA:31,2,1,0
BRDA:37,3,0,0
BRF:6
BRH:4
end_of_record
TN:
SF:src\app\features\landing\landing.component.ts
FN:13,(anonymous_0)
FN:16,(anonymous_1)
FN:20,(anonymous_2)
FN:24,(anonymous_3)
FNF:4
FNH:4
FNDA:3,(anonymous_0)
FNDA:14,(anonymous_1)
FNDA:5,(anonymous_2)
FNDA:5,(anonymous_3)
DA:13,1
DA:14,3
DA:17,14
DA:21,5
DA:25,5
LF:5
LH:5
BRDA:21,0,0,2
BRDA:21,0,1,3
BRDA:25,1,0,2
BRDA:25,1,1,3
BRF:4
BRH:4
end_of_record
