TN:
SF:src\app\core\services\auth.service.ts
FN:19,(anonymous_0)
FN:29,(anonymous_1)
FN:31,(anonymous_2)
FN:33,(anonymous_3)
FN:34,(anonymous_4)
FN:38,(anonymous_5)
FN:40,(anonymous_6)
FN:41,(anonymous_7)
FN:45,(anonymous_8)
FN:47,(anonymous_9)
FN:48,(anonymous_10)
FN:52,(anonymous_11)
FN:57,(anonymous_12)
FN:60,(anonymous_13)
FN:72,(anonymous_14)
FN:76,(anonymous_15)
FN:80,(anonymous_16)
FN:84,(anonymous_17)
FN:88,(anonymous_18)
FN:109,(anonymous_19)
FN:117,(anonymous_20)
FN:119,(anonymous_21)
FN:120,(anonymous_22)
FN:121,(anonymous_23)
FN:125,(anonymous_24)
FN:127,(anonymous_25)
FN:132,(anonymous_26)
FN:137,(anonymous_27)
FN:140,(anonymous_28)
FN:143,(anonymous_29)
FN:145,(anonymous_30)
FN:152,(anonymous_31)
FN:153,(anonymous_32)
FN:157,(anonymous_33)
FN:160,(anonymous_34)
FN:163,(anonymous_35)
FN:168,(anonymous_36)
FN:175,(anonymous_37)
FN:176,(anonymous_38)
FN:180,(anonymous_39)
FN:184,(anonymous_40)
FN:188,(anonymous_41)
FN:192,(anonymous_42)
FN:196,(anonymous_43)
FN:211,(anonymous_44)
FN:215,(anonymous_45)
FN:219,(anonymous_46)
FN:223,(anonymous_47)
FN:232,(anonymous_48)
FN:237,(anonymous_49)
FN:266,(anonymous_50)
FN:281,(anonymous_51)
FN:285,(anonymous_52)
FN:296,(anonymous_53)
FN:305,(anonymous_54)
FN:328,(anonymous_55)
FN:331,(anonymous_56)
FN:337,(anonymous_57)
FN:339,(anonymous_58)
FN:344,(anonymous_59)
FN:347,(anonymous_60)
FNF:61
FNH:0
FNDA:0,(anonymous_0)
FNDA:0,(anonymous_1)
FNDA:0,(anonymous_2)
FNDA:0,(anonymous_3)
FNDA:0,(anonymous_4)
FNDA:0,(anonymous_5)
FNDA:0,(anonymous_6)
FNDA:0,(anonymous_7)
FNDA:0,(anonymous_8)
FNDA:0,(anonymous_9)
FNDA:0,(anonymous_10)
FNDA:0,(anonymous_11)
FNDA:0,(anonymous_12)
FNDA:0,(anonymous_13)
FNDA:0,(anonymous_14)
FNDA:0,(anonymous_15)
FNDA:0,(anonymous_16)
FNDA:0,(anonymous_17)
FNDA:0,(anonymous_18)
FNDA:0,(anonymous_19)
FNDA:0,(anonymous_20)
FNDA:0,(anonymous_21)
FNDA:0,(anonymous_22)
FNDA:0,(anonymous_23)
FNDA:0,(anonymous_24)
FNDA:0,(anonymous_25)
FNDA:0,(anonymous_26)
FNDA:0,(anonymous_27)
FNDA:0,(anonymous_28)
FNDA:0,(anonymous_29)
FNDA:0,(anonymous_30)
FNDA:0,(anonymous_31)
FNDA:0,(anonymous_32)
FNDA:0,(anonymous_33)
FNDA:0,(anonymous_34)
FNDA:0,(anonymous_35)
FNDA:0,(anonymous_36)
FNDA:0,(anonymous_37)
FNDA:0,(anonymous_38)
FNDA:0,(anonymous_39)
FNDA:0,(anonymous_40)
FNDA:0,(anonymous_41)
FNDA:0,(anonymous_42)
FNDA:0,(anonymous_43)
FNDA:0,(anonymous_44)
FNDA:0,(anonymous_45)
FNDA:0,(anonymous_46)
FNDA:0,(anonymous_47)
FNDA:0,(anonymous_48)
FNDA:0,(anonymous_49)
FNDA:0,(anonymous_50)
FNDA:0,(anonymous_51)
FNDA:0,(anonymous_52)
FNDA:0,(anonymous_53)
FNDA:0,(anonymous_54)
FNDA:0,(anonymous_55)
FNDA:0,(anonymous_56)
FNDA:0,(anonymous_57)
FNDA:0,(anonymous_58)
FNDA:0,(anonymous_59)
FNDA:0,(anonymous_60)
DA:19,1
DA:20,0
DA:21,0
DA:22,0
DA:23,0
DA:24,0
DA:25,0
DA:26,0
DA:28,0
DA:29,0
DA:32,0
DA:33,0
DA:34,0
DA:39,0
DA:40,0
DA:41,0
DA:46,0
DA:47,0
DA:48,0
DA:53,0
DA:57,0
DA:61,0
DA:62,0
DA:63,0
DA:64,0
DA:65,0
DA:66,0
DA:67,0
DA:68,0
DA:69,0
DA:73,0
DA:77,0
DA:81,0
DA:85,0
DA:89,0
DA:90,0
DA:91,0
DA:106,0
DA:110,0
DA:111,0
DA:112,0
DA:113,0
DA:114,0
DA:118,0
DA:119,0
DA:120,0
DA:121,0
DA:126,0
DA:128,0
DA:129,0
DA:130,0
DA:132,0
DA:138,0
DA:140,0
DA:144,0
DA:146,0
DA:147,0
DA:149,0
DA:152,0
DA:153,0
DA:158,0
DA:160,0
DA:164,0
DA:165,0
DA:167,0
DA:169,0
DA:170,0
DA:172,0
DA:175,0
DA:176,0
DA:181,0
DA:185,0
DA:189,0
DA:193,0
DA:197,0
DA:199,0
DA:200,0
DA:203,0
DA:204,0
DA:206,0
DA:207,0
DA:212,0
DA:216,0
DA:220,0
DA:224,0
DA:225,0
DA:228,0
DA:229,0
DA:233,0
DA:234,0
DA:238,0
DA:239,0
DA:240,0
DA:241,0
DA:242,0
DA:243,0
DA:250,0
DA:267,0
DA:268,0
DA:269,0
DA:272,0
DA:273,0
DA:274,0
DA:275,0
DA:277,0
DA:282,0
DA:286,0
DA:287,0
DA:289,0
DA:290,0
DA:291,0
DA:293,0
DA:297,0
DA:298,0
DA:300,0
DA:301,0
DA:302,0
DA:303,0
DA:304,0
DA:305,0
DA:308,0
DA:309,0
DA:310,0
DA:311,0
DA:313,0
DA:314,0
DA:315,0
DA:316,0
DA:317,0
DA:318,0
DA:319,0
DA:320,0
DA:322,0
DA:323,0
DA:326,0
DA:327,0
DA:328,0
DA:332,0
DA:333,0
DA:336,0
DA:338,0
DA:339,0
DA:345,0
DA:347,0
LF:144
LH:1
BRDA:92,0,0,0
BRDA:92,0,1,0
BRDA:92,0,2,0
BRDA:93,1,0,0
BRDA:93,1,1,0
BRDA:93,1,2,0
BRDA:94,2,0,0
BRDA:94,2,1,0
BRDA:94,2,2,0
BRDA:95,3,0,0
BRDA:95,3,1,0
BRDA:95,3,2,0
BRDA:95,3,3,0
BRDA:96,4,0,0
BRDA:96,4,1,0
BRDA:96,4,2,0
BRDA:97,5,0,0
BRDA:97,5,1,0
BRDA:97,5,2,0
BRDA:98,6,0,0
BRDA:98,6,1,0
BRDA:98,6,2,0
BRDA:99,7,0,0
BRDA:99,7,1,0
BRDA:99,7,2,0
BRDA:100,8,0,0
BRDA:100,8,1,0
BRDA:100,8,2,0
BRDA:101,9,0,0
BRDA:101,9,1,0
BRDA:101,9,2,0
BRDA:102,10,0,0
BRDA:102,10,1,0
BRDA:102,10,2,0
BRDA:103,11,0,0
BRDA:103,11,1,0
BRDA:103,11,2,0
BRDA:119,12,0,0
BRDA:119,12,1,0
BRDA:129,13,0,0
BRDA:129,14,0,0
BRDA:129,14,1,0
BRDA:129,14,2,0
BRDA:146,15,0,0
BRDA:146,15,1,0
BRDA:152,16,0,0
BRDA:152,16,1,0
BRDA:169,17,0,0
BRDA:169,17,1,0
BRDA:175,18,0,0
BRDA:175,18,1,0
BRDA:189,19,0,0
BRDA:189,19,1,0
BRDA:199,20,0,0
BRDA:220,21,0,0
BRDA:220,21,1,0
BRDA:224,22,0,0
BRDA:224,23,0,0
BRDA:224,23,1,0
BRDA:237,24,0,0
BRDA:240,25,0,0
BRDA:240,25,1,0
BRDA:240,25,2,0
BRDA:242,26,0,0
BRDA:242,26,1,0
BRDA:244,27,0,0
BRDA:244,27,1,0
BRDA:244,27,2,0
BRDA:244,27,3,0
BRDA:244,27,4,0
BRDA:244,27,5,0
BRDA:244,27,6,0
BRDA:254,28,0,0
BRDA:254,28,1,0
BRDA:254,29,0,0
BRDA:254,29,1,0
BRDA:255,30,0,0
BRDA:255,30,1,0
BRDA:255,31,0,0
BRDA:255,31,1,0
BRDA:256,32,0,0
BRDA:256,32,1,0
BRDA:256,33,0,0
BRDA:256,33,1,0
BRDA:257,34,0,0
BRDA:257,34,1,0
BRDA:258,35,0,0
BRDA:258,35,1,0
BRDA:258,36,0,0
BRDA:258,36,1,0
BRDA:259,37,0,0
BRDA:259,37,1,0
BRDA:259,38,0,0
BRDA:259,38,1,0
BRDA:260,39,0,0
BRDA:260,39,1,0
BRDA:260,40,0,0
BRDA:260,40,1,0
BRDA:261,41,0,0
BRDA:261,41,1,0
BRDA:261,42,0,0
BRDA:261,42,1,0
BRDA:262,43,0,0
BRDA:262,43,1,0
BRDA:262,44,0,0
BRDA:262,44,1,0
BRDA:268,45,0,0
BRDA:282,46,0,0
BRDA:282,46,1,0
BRDA:286,47,0,0
BRDA:289,48,0,0
BRDA:291,49,0,0
BRDA:291,49,1,0
BRDA:300,50,0,0
BRDA:308,51,0,0
BRDA:308,51,1,0
BRDA:308,52,0,0
BRDA:308,52,1,0
BRDA:310,53,0,0
BRDA:310,53,1,0
BRDA:310,54,0,0
BRDA:310,54,1,0
BRDA:311,55,0,0
BRDA:311,55,1,0
BRDA:313,56,0,0
BRDA:313,56,1,0
BRDA:315,57,0,0
BRDA:315,57,1,0
BRDA:317,58,0,0
BRDA:317,58,1,0
BRDA:319,59,0,0
BRDA:322,60,0,0
BRDA:332,61,0,0
BRDA:338,62,0,0
BRDA:338,62,1,0
BRF:135
BRH:0
end_of_record
TN:
SF:src\app\features\dashboard\dashboard.component.ts
FN:14,(anonymous_0)
FN:22,(anonymous_1)
FN:30,(anonymous_2)
FN:34,(anonymous_3)
FN:44,(anonymous_4)
FN:51,(anonymous_5)
FN:53,(anonymous_6)
FN:57,(anonymous_7)
FNF:8
FNH:8
FNDA:3,(anonymous_0)
FNDA:1,(anonymous_1)
FNDA:1,(anonymous_2)
FNDA:1,(anonymous_3)
FNDA:2,(anonymous_4)
FNDA:2,(anonymous_5)
FNDA:1,(anonymous_6)
FNDA:1,(anonymous_7)
DA:14,1
DA:15,3
DA:17,3
DA:18,3
DA:19,3
DA:20,3
DA:23,1
DA:25,1
DA:26,1
DA:31,1
DA:35,1
DA:37,1
DA:38,0
DA:41,1
DA:45,2
DA:46,2
DA:47,2
DA:49,2
DA:51,2
DA:54,1
DA:55,1
DA:58,1
LF:22
LH:21
BRDA:25,0,0,1
BRDA:25,1,0,1
BRDA:25,1,1,1
BRDA:31,2,0,1
BRDA:31,2,1,0
BRDA:37,3,0,0
BRF:6
BRH:4
end_of_record
